d:\лисенок\тестовые задания\рк-технологии\20210620\blurproject\blurproject\debug\vc142.pdb
d:\лисенок\тестовые задания\рк-технологии\20210620\blurproject\blurproject\debug\vc142.idb
d:\лисенок\тестовые задания\рк-технологии\20210620\blurproject\blurproject\debug\blurproject.obj
d:\лисенок\тестовые задания\рк-технологии\20210620\blurproject\blurproject\debug\mainwindow.obj
d:\лисенок\тестовые задания\рк-технологии\20210620\blurproject\blurproject\debug\kwnd.obj
d:\лисенок\тестовые задания\рк-технологии\20210619\blurproject\blurproject\debug\vc142.pdb
d:\лисенок\тестовые задания\рк-технологии\20210619\blurproject\blurproject\debug\vc142.idb
d:\лисенок\тестовые задания\рк-технологии\20210619\blurproject\blurproject\debug\mainwindow.obj
d:\лисенок\тестовые задания\рк-технологии\20210619\blurproject\blurproject\debug\kwnd.obj
d:\лисенок\тестовые задания\рк-технологии\20210619\blurproject\blurproject\debug\blurproject.obj
d:\лисенок\тестовые задания\рк-технологии\20210622\blurproject\blurproject\debug\vc142.pdb
d:\лисенок\тестовые задания\рк-технологии\20210622\blurproject\blurproject\debug\vc142.idb
d:\лисенок\тестовые задания\рк-технологии\20210622\blurproject\blurproject\debug\mainwindow.obj
d:\лисенок\тестовые задания\рк-технологии\20210622\blurproject\blurproject\debug\kwnd.obj
d:\лисенок\тестовые задания\рк-технологии\20210622\blurproject\blurproject\debug\blurproject.obj
d:\лисенок\тестовые задания\рк-технологии\20210622\blurproject\blurproject\debug\imageforblur.obj
d:\лисенок\тестовые задания\рк-технологии\20210620\blurproject\debug\blurproject.exe
d:\лисенок\тестовые задания\рк-технологии\20210620\blurproject\debug\blurproject.ilk
d:\лисенок\тестовые задания\рк-технологии\20210620\blurproject\debug\blurproject.pdb
d:\лисенок\тестовые задания\рк-технологии\20210622\blurproject\debug\blurproject.exe
d:\лисенок\тестовые задания\рк-технологии\20210622\blurproject\debug\blurproject.ilk
d:\лисенок\тестовые задания\рк-технологии\20210622\blurproject\debug\blurproject.pdb
d:\лисенок\тестовые задания\рк-технологии\20210622\blurproject\blurproject\debug\blurproject.res
d:\лисенок\тестовые задания\рк-технологии\20210622\blurproject\blurproject\debug\blurproject.tlog\cl.command.1.tlog
d:\лисенок\тестовые задания\рк-технологии\20210622\blurproject\blurproject\debug\blurproject.tlog\cl.read.1.tlog
d:\лисенок\тестовые задания\рк-технологии\20210622\blurproject\blurproject\debug\blurproject.tlog\cl.write.1.tlog
d:\лисенок\тестовые задания\рк-технологии\20210622\blurproject\blurproject\debug\blurproject.tlog\link.command.1.tlog
d:\лисенок\тестовые задания\рк-технологии\20210622\blurproject\blurproject\debug\blurproject.tlog\link.read.1.tlog
d:\лисенок\тестовые задания\рк-технологии\20210622\blurproject\blurproject\debug\blurproject.tlog\link.write.1.tlog
d:\лисенок\тестовые задания\рк-технологии\20210622\blurproject\blurproject\debug\blurproject.tlog\rc.command.1.tlog
d:\лисенок\тестовые задания\рк-технологии\20210622\blurproject\blurproject\debug\blurproject.tlog\rc.read.1.tlog
d:\лисенок\тестовые задания\рк-технологии\20210622\blurproject\blurproject\debug\blurproject.tlog\rc.write.1.tlog
